<?xml version="1.0" encoding="UTF-8"?>
<!-- Generated by org.testng.reporters.JUnitReportReporter -->
<testsuite hostname="DESKTOP-BGCD29U" failures="0" tests="1" name="testpkg.Loadurl" time="10.678" errors="0" timestamp="2024-06-21T17:47:03 IST" skipped="0">
  <testcase classname="testpkg.Loadurl" name="urlload" time="10.678"/>
</testsuite> <!-- testpkg.Loadurl -->
